
Deprecated: Method ReflectionMethod::setAccessible() is deprecated since 8.5, as it has no effect since PHP 8.1 in C:\Users\mmdar\Desktop\code\work\CleanUx\vendor\nunomaduro\collision\src\Adapters\Phpunit\ConfigureIO.php on line 37

   PASS  Tests\Unit\RendezVousModelHelpersTest
  ✓ search structured matches catalog name and postal code relation without legacy fallbacks                     2.64s  

   PASS  Tests\Feature\AdminAnalyticsCenterExperienceTest
  ✓ admin can render analytics center                                                                            1.94s  

   PASS  Tests\Feature\Analytics\AnalyticsApiTest
  ✓ track endpoint accepts anonymous event                                                                       1.78s  
  ✓ track endpoint validates event required                                                                      1.77s  
  ✓ track endpoint silently drops unknown event                                                                  1.85s  
  ✓ track endpoint links user when authenticated                                                                 1.72s  
  ✓ page endpoint forces page viewed                                                                             1.77s  
  ✓ identify endpoint requires authentication                                                                    1.78s  
  ✓ identify endpoint links anonymous events to user                                                             1.76s  

   PASS  Tests\Feature\Analytics\AnalyticsFunnelTest
  ✓ funnel computes counts and rates                                                                             1.78s  
  ✓ funnel returns empty when no steps                                                                           1.83s  
  ✓ funnel distinct users per step not inflated by duplicates                                                    1.74s  
  ✓ cohort weekly groups users and measures retention                                                            1.84s  

   PASS  Tests\Feature\Analytics\AnalyticsServiceTest
  ✓ track creates event and session                                                                              1.81s  
  ✓ track is idempotent with same key                                                                            1.72s  
  ✓ track drops events not in whitelist                                                                          1.73s  
  ✓ track skipped when analytics disabled                                                                        1.75s  
  ✓ sanitize drops password token keys                                                                           1.72s  
  ✓ sanitize hashes email and phone                                                                              1.72s  
  ✓ sanitize truncates long strings                                                                              1.79s  
  ✓ identify links anonymous events to user                                                                      1.71s  
  ✓ session reused when within inactivity window                                                                 1.74s  
  ✓ session rotated when expired                                                                                 1.77s  

   PASS  Tests\Feature\Analytics\AnalyticsTest
  ✓ resolver handles last 7d                                                                                     1.78s  
  ✓ resolver handles this month                                                                                  1.71s  
  ✓ resolver handles custom dates                                                                                1.82s  
  ✓ resolver swaps inverted custom dates                                                                         1.77s  
  ✓ resolver falls back for unknown preset                                                                       1.79s  
  ✓ revenue kpi sums bookings in period                                                                          1.87s  
  ✓ revenue kpi excludes cancelled bookings                                                                      1.90s  
  ✓ cancellation rate kpi                                                                                        1.78s  
  ✓ completion rate kpi                                                                                          1.80s  
  ✓ monthly revenue returns continuous series                                                                    1.77s  
  ✓ status breakdown returns grouped counts                                                                      1.82s  
  ✓ top services orders by count desc                                                                            1.79s  
  ✓ org scope isolates data between organizations                                                                1.78s  
  ✓ kpis csv export returns streamed response                                                                    1.73s  
  ✓ monthly revenue csv includes all months                                                                      1.76s  

   PASS  Tests\Feature\Audit\AuditApiTest
  ✓ index requires authentication                                                                                1.75s  
  ✓ index returns recent events                                                                                  1.72s  
  ✓ index filters by domain                                                                                      1.75s  
  ✓ show returns event detail                                                                                    1.72s  
  ✓ pin toggles is pinned flag                                                                                   1.74s  
  ✓ export csv returns streamed response                                                                         1.74s  

   PASS  Tests\Feature\Audit\AuditRedactionTest
  ✓ drop keys are removed from context                                                                           1.76s  
  ✓ hash keys are replaced with sha256 prefix                                                                    1.76s  
  ✓ redaction walks nested arrays                                                                                1.83s  
  ✓ clamp context size truncates oversized payload                                                               1.74s  
  ✓ db regex rule redacts pattern matches                                                                        1.80s  
  ✓ db rule scoped to other domain does not apply                                                                1.83s  

   PASS  Tests\Feature\Audit\AuditRetentionTest
  ✓ purge removes old general events                                                                             1.70s  
  ✓ purge respects per domain retention                                                                          1.78s  
  ✓ purge never removes pinned events                                                                            1.76s  
  ✓ purge never removes critical severity                                                                        1.86s  
  ✓ db policy overrides config default                                                                           1.82s  

   PASS  Tests\Feature\Audit\AuditServiceTest
  ✓ record creates event with inferred domain and severity                                                       1.77s  
  ✓ record classifies severity from event type                                                                   1.63s  
  ✓ record uses authenticated user as actor by default                                                           1.74s  
  ✓ record explicit actor overrides authenticated                                                                1.75s  
  ✓ record subject resolves type id label                                                                        1.77s  
  ✓ record is idempotent with same key                                                                           1.81s  
  ✓ record skipped when disabled                                                                                 1.85s  
  ✓ record soft fail on exception                                                                                1.76s  
  ✓ pin and unpin                                                                                                1.83s  

   PASS  Tests\Feature\Availability\AvailabilityApiTest
  ✓ index requires authentication                                                                                1.83s  
  ✓ index returns only authenticated provider data                                                               1.79s  
  ✓ store slot validates required fields                                                                         1.83s  
  ✓ store slot rejects end before start                                                                          1.79s  
  ✓ store slot creates record                                                                                    1.76s  
  ✓ update slot rejects other provider                                                                           1.76s  
  ✓ destroy slot removes record                                                                                  1.79s  
  ✓ store exception requires times for partial                                                                   1.74s  
  ✓ store exception closed does not require times                                                                1.76s  
  ✓ windows endpoint returns iso intervals                                                                       1.73s  
  ✓ ical endpoint returns text calendar                                                                          2.62s  

   PASS  Tests\Feature\Availability\AvailabilityServiceTest
  ✓ provider with no slots has no windows                                                                        1.87s  
  ✓ weekly slot produces windows for matching weekday                                                            1.90s  
  ✓ is available true within slot window                                                                         1.79s  
  ✓ is available false outside slot window                                                                       1.78s  
  ✓ closed exception blocks entire day                                                                           1.81s  
  ✓ partial exception subtracts time range                                                                       1.88s  
  ✓ open override replaces slot for that day                                                                     1.83s  
  ✓ active hold blocks is available                                                                              1.66s  
  ✓ create hold is idempotent                                                                                    1.78s  
  ✓ release hold marks released at                                                                               1.80s  
  ✓ cleanup expired holds marks released                                                                         1.80s  

   PASS  Tests\Feature\CancellationV2\CancellationApiTest
  ✓ client quote endpoint returns calculated quote                                                               1.87s  
  ✓ client cancel endpoint executes and returns cancellation                                                     1.88s  
  ✓ client cancel endpoint is idempotent                                                                         1.89s  
  ✓ provider quote endpoint uses provider policy                                                                 1.79s  
  ✓ admin override endpoint waives fee                                                                           1.82s  
  ✓ admin override validates short reason                                                                        1.81s  
  ✓ admin index returns list                                                                                     1.82s  

   PASS  Tests\Feature\CancellationV2\CancellationEngineTest
  ✓ quote with more than 48 hours is free for client                                                             1.78s  
  ✓ quote within 24 to 48 hours applies 25 percent fee                                                           1.89s  
  ✓ quote within 2 hours applies 100 percent fee                                                                 1.86s  
  ✓ quote exempt reason waives fee                                                                               1.86s  
  ✓ provider cancellation applies flat plus percent                                                              1.89s  
  ✓ execute persists cancellation and updates booking status                                                     1.84s  
  ✓ execute is idempotent with same actor                                                                        1.81s  
  ✓ execute rejects invalid actor role                                                                           1.86s  
  ✓ execute rejects unknown booking                                                                              1.84s  
  ✓ override waives fee and increases refund                                                                     1.85s  
  ✓ override rejects short reason                                                                                1.90s  

   PASS  Tests\Feature\ContractsV2\ContractApiTest
  ✓ active templates endpoint returns list                                                                       1.82s  
  ✓ render document requires auth                                                                                1.79s  
  ✓ render document creates pending document                                                                     1.77s  
  ✓ show document records opened audit                                                                           1.77s  
  ✓ show rejects other user document                                                                             1.83s  
  ✓ sign document endpoint persists signature                                                                    1.83s  
  ✓ sign document validates required fields                                                                      1.87s  
  ✓ admin invalidate signature endpoint                                                                          1.80s  
  ✓ admin invalidate validates reason length                                                                     1.91s  

   PASS  Tests\Feature\ContractsV2\ContractRendererTest
  ✓ substitutes allowed placeholders                                                                             1.80s  
  ✓ leaves unknown placeholders intact                                                                           1.80s  
  ✓ drops extra variables not in whitelist                                                                       1.81s  
  ✓ locale override                                                                                              1.78s  
  ✓ markdown titles and lists                                                                                    1.71s  
  ✓ signable hash deterministic                                                                                  1.87s  

   PASS  Tests\Feature\ContractsV2\ContractServiceTest
  ✓ render document for creates pending document                                                                 1.82s  
  ✓ render rejects unknown template                                                                              1.75s  
  ✓ sign document creates signature with hash                                                                    1.82s  
  ✓ sign rejects other user                                                                                      1.79s  
  ✓ sign rejects already signed document                                                                         1.79s  
  ✓ sign rejects empty signature when required                                                                   1.74s  
  ✓ invalidate signature records audit                                                                           1.79s  
  ✓ invalidate rejects short reason                                                                              1.80s  
  ✓ user has valid signature for template code                                                                   1.87s  

   PASS  Tests\Feature\Disputes\DisputeApiTest
  ✓ client can open dispute via api                                                                              1.94s  
  ✓ client cannot view other users dispute                                                                       1.76s  
  ✓ client can message their dispute                                                                             1.82s  
  ✓ index only returns own disputes                                                                              1.82s  

   PASS  Tests\Feature\Disputes\DisputeLifecycleTest
  ✓ client can open dispute                                                                                      1.78s  
  ✓ client cannot open for other users booking                                                                   1.78s  
  ✓ full lifecycle open assign message resolve                                                                   2.12s  
  ✓ message after resolution is rejected                                                                         1.95s  
  ✓ provider message transitions from awaiting provider to investigating                                         2.04s  
  ✓ escalate increments level and changes due at                                                                 1.92s  
  ✓ event visibility filters for provider                                                                        2.03s  

   PASS  Tests\Feature\Disputes\DisputeResolutionTest
  ✓ credit resolution creates nominative promo code                                                              1.89s  
  ✓ refund partial requires amount                                                                               3.38s  
  ✓ dismiss marks resolved without action                                                                        2.50s  
  ✓ no action resolution records decision                                                                        1.94s  

   PASS  Tests\Feature\Disputes\DisputeSlaTest
  ✓ urgent priority yields shorter sla                                                                           2.03s  
  ✓ critical severity halves sla                                                                                 1.85s  
  ✓ find overdue for escalation picks correct cases                                                              1.94s  
  ✓ resolved dispute is not considered overdue                                                                   1.84s  

   PASS  Tests\Feature\Fx\FxApiTest
  ✓ currencies endpoint returns active currencies                                                                2.00s  
  ✓ rates endpoint validates quotes                                                                              2.03s  
  ✓ rates endpoint returns rates                                                                                 2.11s  
  ✓ convert endpoint validates required fields                                                                   1.99s  
  ✓ convert endpoint returns target amount                                                                       2.12s  
  ✓ convert endpoint is idempotent with key                                                                      1.90s  

   PASS  Tests\Feature\Fx\FxProvidersTest
  ✓ mock provider returns eur to usd rate                                                                        0.06s  
  ✓ mock provider cross rate via eur                                                                             0.05s  
  ✓ mock provider returns empty on fail trigger                                                                  0.07s  
  ✓ mock provider returns identity for same quote                                                                0.07s  
  ✓ mock provider returns inverted for eur quote from other base                                                 0.06s  

   PASS  Tests\Feature\Fx\FxServiceTest
  ✓ get rate returns identity for same currency                                                                  1.91s  
  ✓ get rate fetches from mock provider and persists                                                             1.91s  
  ✓ get rate reuses fresh db row within ttl                                                                      1.96s  
  ✓ get rate refetches when db row stale                                                                         1.91s  
  ✓ get rate uses fallback when quote not supported                                                              2.50s  
  ✓ convert creates currency conversion record                                                                   1.95s  
  ✓ convert applies fee percent                                                                                  1.91s  
  ✓ convert is idempotent                                                                                        1.94s  
  ✓ convert same currency is identity                                                                            1.89s  
  ✓ refresh all creates rates for each active currency                                                           1.92s  
  ✓ get rate caches result                                                                                       1.90s  

   PASS  Tests\Feature\Gdpr\DataErasureServiceTest
  ✓ schedule creates pending request with grace period                                                           2.21s  
  ✓ cancel reverts user deletion scheduled                                                                       1.94s  
  ✓ execute anonymizes user and preserves bookings                                                               1.89s  
  ✓ execute before grace period throws                                                                           1.83s  
  ✓ restrict processing marks user                                                                               1.76s  
  ✓ lift restriction clears flag                                                                                 1.77s  

   PASS  Tests\Feature\Gdpr\DataExportServiceTest
  ✓ collect for returns profile and bookings                                                                     4.91s  
  ✓ execute writes json file and marks fulfilled                                                                 1.87s  
  ✓ execute rejects wrong request type                                                                           1.86s  

   PASS  Tests\Feature\Gdpr\GdprApiTest
  ✓ request export creates and fulfills request                                                                  2.03s  
  ✓ request erasure requires confirm                                                                             1.86s  
  ✓ request erasure with confirm schedules it                                                                    1.91s  
  ✓ cannot request erasure twice simultaneously                                                                  1.91s  
  ✓ index returns user requests only                                                                             1.82s  
  ✓ cancel erasure endpoint                                                                                      1.86s  
  ✓ cancel forbidden cross user                                                                                  1.75s  

   PASS  Tests\Feature\Gdpr\RetentionPolicyTest
  ✓ old activity logs are purged                                                                                 1.79s  
  ✓ unread notifications are not purged                                                                          1.78s  

   PASS  Tests\Feature\I18n\LocaleFormatterTest
  ✓ currency formatted in french uses comma decimal                                                              0.06s  
  ✓ currency formatted in english uses dot decimal                                                               0.06s  
  ✓ currency formatted in german uses dot thousand separator fallback                                            0.06s  
  ✓ number uses locale specific decimals                                                                         0.07s  
  ✓ date returns non empty for known locale                                                                      0.05s  
  ✓ null returns empty string                                                                                    0.06s  

   PASS  Tests\Feature\I18n\LocaleListApiTest
  ✓ endpoint returns locales with metadata                                                                       0.09s  

   PASS  Tests\Feature\I18n\LocaleResolverTest
  ✓ supported codes includes new european locales                                                                1.76s  
  ✓ disabled locales excluded from supported                                                                     1.86s  
  ✓ normalize handles regional variants                                                                          1.86s  
  ✓ resolve for user returns default when no user locale                                                         1.80s  
  ✓ resolve for user normalizes user locale                                                                      1.78s  
  ✓ parse accept language picks highest quality supported                                                        1.81s  
  ✓ available for switcher returns sorted locales                                                                1.88s  
  ✓ user persisted format returns bcp47 like                                                                     1.83s  

   PASS  Tests\Feature\I18n\NotificationLocaleTest
  ✓ user implements has locale preference                                                                        1.94s  
  ✓ preferred locale returns null when empty string                                                              1.83s  
  ✓ preferred locale returns null when unsupported                                                               1.75s  
  ✓ app locale unchanged after send to other locale user                                                         1.91s  

   PASS  Tests\Feature\I18n\TranslationOverrideLoaderTest
  ✓ db override takes priority over file                                                                         1.90s  
  ✓ override unpublished is not applied                                                                          1.88s  
  ✓ override deleted falls back to file                                                                          1.79s  

   PASS  Tests\Feature\Insurance\InsuranceApiTest
  ✓ plans endpoint lists available plans                                                                         2.00s  
  ✓ purchase endpoint requires auth                                                                              1.77s  
  ✓ purchase endpoint creates insurance                                                                          1.94s  
  ✓ purchase endpoint validates plan code                                                                        1.92s  
  ✓ index endpoint returns only user insurances                                                                  1.82s  
  ✓ cancel endpoint rejects other user                                                                           1.86s  
  ✓ cancel endpoint marks cancelled                                                                              1.89s  
  ✓ file claim endpoint creates claim                                                                            1.98s  
  ✓ file claim endpoint validates fields                                                                         1.77s  

   PASS  Tests\Feature\Insurance\InsurancePricingEngineTest
  ✓ compute premium basic formula                                                                                1.84s  
  ✓ compute premium clamps to min                                                                                1.73s  
  ✓ compute premium clamps to max                                                                                1.82s  
  ✓ get available plans for booking returns all active                                                           1.81s  
  ✓ get available plans includes premium amount                                                                  1.81s  
  ✓ inactive plan excluded                                                                                       1.76s  
  ✓ trade restricted plan excludes unrelated bookings                                                            1.80s  

   PASS  Tests\Feature\Insurance\InsuranceServiceTest
  ✓ purchase creates active insurance with mock provider                                                         1.81s  
  ✓ purchase is idempotent with same booking and plan                                                            1.78s  
  ✓ purchase rejects unknown plan                                                                                1.76s  
  ✓ purchase handles provider failure                                                                            1.80s  
  ✓ cancel marks status cancelled                                                                                1.88s  
  ✓ file claim creates claim with under review status                                                            1.85s  
  ✓ file claim rejects amount above coverage                                                                     1.80s  
  ✓ file claim rejects incident outside window                                                                   1.92s  
  ✓ file claim fraud simulation yields rejected                                                                  1.83s  
  ✓ apply webhook update claim paid                                                                              1.76s  
  ✓ apply webhook update policy cancelled                                                                        1.80s  

   PASS  Tests\Feature\Insurance\InsuranceWebhookTest
  ✓ unknown provider returns 404                                                                                 1.77s  
  ✓ mock webhook stores event and dispatches job                                                                 1.95s  
  ✓ duplicate webhook event not redispatched                                                                     1.77s  
  ✓ processing webhook applies status to existing policy                                                         1.82s  
  ✓ processing webhook unknown target marks ignored                                                              1.74s  

   PASS  Tests\Feature\Kyc\KycApiTest
  ✓ start endpoint creates verification                                                                          1.92s  
  ✓ status endpoint returns latest verification                                                                  1.69s  
  ✓ status returns false when no verification                                                                    1.73s  
  ✓ sync forbidden for other user verification                                                                   1.85s  

   PASS  Tests\Feature\Kyc\KycLifecycleTest
  ✓ start creates verification and marks in review                                                               1.73s  
  ✓ sync with clear result auto approves provider profile                                                        1.93s  
  ✓ sync rejected user marks profile rejected                                                                    1.80s  
  ✓ manual review email keeps profile pending                                                                    1.79s  
  ✓ admin can manually approve                                                                                   1.83s  
  ✓ admin can manually reject                                                                                    1.88s  

   PASS  Tests\Feature\Kyc\KycWebhookTest
  ✓ unknown provider returns 404                                                                                 1.69s  
  ✓ mock webhook stores event and dispatches job                                                                 1.78s  
  ✓ duplicate webhook event id is not redispatched                                                               1.80s  
  ✓ apply webhook payload updates matching verification                                                          1.75s  

   PASS  Tests\Feature\Localization\LocalizationTest
  ✓ query param lang takes priority                                                                              2.13s  
  ✓ invalid query lang is ignored                                                                                1.72s  
  ✓ authenticated user locale is used                                                                            1.76s  
  ✓ accept language header is detected                                                                           1.71s  
  ✓ accept language quality is respected                                                                         1.82s  
  ✓ default falls back to french                                                                                 1.76s  
  ✓ authenticated user can change language                                                                       1.81s  
  ✓ invalid locale is rejected                                                                                   1.81s  
  ✓ anonymous visitor can change language via session                                                            1.74s  
  ✓ money formats eur with french locale                                                                         1.87s  
  ✓ money formats usd with english locale                                                                        1.78s  
  ✓ money falls back to eur for unknown currency                                                                 1.82s  
  ✓ money supported list includes eur usd gbp                                                                    1.77s  
  ✓ money symbol returns correct symbol                                                                          1.71s  
  ✓ conversion same currency returns amount unchanged                                                            1.69s  
  ✓ conversion uses seeded rate                                                                                  1.80s  
  ✓ conversion inverse rate works                                                                                1.73s  
  ✓ conversion fallback when no rate returns amount                                                              1.82s  
  ✓ translations are loaded for all locales                                                                      1.93s  
  ✓ status translations in french                                                                                1.79s  
  ✓ status translations in dutch                                                                                 1.84s  

   PASS  Tests\Feature\Loyalty\LoyaltyApiTest
  ✓ me endpoint returns account summary                                                                          1.87s  
  ✓ transactions endpoint returns user only                                                                      1.80s  

   PASS  Tests\Feature\Loyalty\LoyaltyHooksTest
  ✓ completing a booking awards loyalty points                                                                   1.88s  
  ✓ booking completion is idempotent on repeated saves                                                           1.85s  

   PASS  Tests\Feature\Loyalty\LoyaltyServiceTest
  ✓ account for creates with bronze tier                                                                         1.74s  
  ✓ account for is idempotent                                                                                    1.78s  
  ✓ award increments lifetime and period points                                                                  1.86s  
  ✓ award idempotency blocks duplicate                                                                           1.78s  
  ✓ award triggers tier upgrade                                                                                  1.83s  
  ✓ award with tier multiplier applies                                                                           1.86s  
  ✓ admin adjust credits or debits                                                                               1.78s  
  ✓ award booking points calculates from amount                                                                  1.78s  

   PASS  Tests\Feature\Marketing\CampaignEngineTest
  ✓ schedule creates one recipient per member per step                                                           2.01s  
  ✓ schedule marks opted out recipients                                                                          1.72s  
  ✓ schedule drip sequences increments scheduled for                                                             1.72s  
  ✓ schedule assigns ab variant deterministically                                                                1.76s  
  ✓ dispatch one sends email and marks sent                                                                      1.81s  
  ✓ dispatch re checks opt out at send time                                                                      1.77s  
  ✓ cancel marks queued recipients skipped                                                                       1.76s  

   PASS  Tests\Feature\Marketing\MarketingApiTest
  ✓ preferences endpoint requires auth                                                                           1.86s  
  ✓ preferences endpoint returns default state                                                                   1.78s  
  ✓ opt out endpoint persists and reflects in preferences                                                        1.72s  
  ✓ opt out endpoint validates channel enum                                                                      1.79s  
  ✓ opt in endpoint removes opt out                                                                              1.85s  
  ✓ opt out endpoint cross user isolation                                                                        1.77s  

   PASS  Tests\Feature\Marketing\OptOutServiceTest
  ✓ opt out email creates record                                                                                 1.74s  
  ✓ opt out all channel covers all sub channels                                                                  1.75s  
  ✓ opt out idempotent same channel                                                                              1.76s  
  ✓ opt in removes record                                                                                        1.76s  
  ✓ preferences returns full state                                                                               1.73s  

   PASS  Tests\Feature\Marketing\SegmentEngineTest
  ✓ compute empty rules yields zero members                                                                      1.83s  
  ✓ eq role client matches only clients                                                                          1.81s  
  ✓ and combines constraints                                                                                     1.75s  
  ✓ or unions constraints                                                                                        1.64s  
  ✓ older than days matches old accounts                                                                         1.80s  
  ✓ unknown field yields zero members                                                                            1.72s  
  ✓ unknown operator yields zero members                                                                         1.83s  
  ✓ in operator matches set                                                                                      1.81s  
  ✓ preview returns count and sample                                                                             1.76s  
  ✓ recompute replaces members                                                                                   1.81s  

   PASS  Tests\Feature\Matching\MatchingScoreEngineTest
  ✓ score returns breakdown with all dimensions                                                                  2.02s  
  ✓ higher rating yields higher score                                                                            1.81s  
  ✓ primary zone gives max zone score                                                                            1.77s  
  ✓ acceptance metric influences score                                                                           1.78s  
  ✓ total score bounded 0 100                                                                                    1.76s  

   PASS  Tests\Feature\Matching\MatchingV2ServiceTest
  ✓ rank candidates returns sorted by score desc                                                                 2.02s  
  ✓ best for records decision with breakdown                                                                     1.76s  
  ✓ returns null when no zone                                                                                    1.65s  
  ✓ fallback returns below threshold when no match                                                               1.70s  

   PASS  Tests\Feature\Matching\ProviderPerformanceCalculatorTest
  ✓ calculates acceptance rate from assignments                                                                  1.70s  
  ✓ rating window only counts published feedbacks                                                                1.77s  
  ✓ upsert replaces existing period end row                                                                      1.72s  

   PASS  Tests\Feature\Messaging\ReactionAndSearchTest
  ✓ toggle reaction adds then removes                                                                            3.17s  
  ✓ two users can react with same emoji independently                                                            1.78s  
  ✓ invalid empty emoji throws                                                                                   1.84s  
  ✓ search messages with like fallback                                                                           1.81s  
  ✓ top level scope excludes replies                                                                             2.01s  

   PASS  Tests\Feature\NotificationPreferences\NotificationPreferenceApiTest
  ✓ show requires auth                                                                                           1.83s  
  ✓ show returns default matrix                                                                                  1.78s  
  ✓ update single preference                                                                                     1.86s  
  ✓ update rejects forced on pair optout                                                                         1.81s  
  ✓ update validates channel and category                                                                        1.79s  
  ✓ bulk update                                                                                                  1.86s  
  ✓ audit endpoint returns user history                                                                          1.80s  
  ✓ audit endpoint cross user isolation                                                                          1.76s  

   PASS  Tests\Feature\NotificationPreferences\NotificationPreferenceServiceTest
  ✓ is allowed returns default when no row                                                                       1.65s  
  ✓ is allowed returns user value when row exists                                                                1.66s  
  ✓ set preference creates row and audit                                                                         1.61s  
  ✓ set preference increments version on change                                                                  1.58s  
  ✓ set preference blocked for forced on pair                                                                    1.56s  
  ✓ set preference allowed for forced on pair when turning on                                                    1.57s  
  ✓ get preferences returns full matrix                                                                          1.56s  
  ✓ apply defaults creates full matrix                                                                           1.55s  
  ✓ apply defaults is idempotent                                                                                 1.59s  
  ✓ set many processes bulk skipping forced on                                                                   1.71s  
  ✓ sync to external modules propagates to push device tokens                                                    1.56s  
  ✓ sync to external modules propagates marketing optout                                                         1.56s  
  ✓ sync to external modules removes marketing optout when re enabled                                            1.56s  

   PASS  Tests\Feature\OnboardingV2\OnboardingApiTest
  ✓ me endpoint requires auth                                                                                    1.66s  
  ✓ me endpoint auto starts journey                                                                              1.66s  
  ✓ complete step endpoint advances journey                                                                      1.63s  
  ✓ complete step returns validation errors when validator fails                                                 1.58s  
  ✓ skip step endpoint works for skippable steps                                                                 1.65s  
  ✓ skip step rejects non skippable steps                                                                        1.58s  
  ✓ admin index returns all progress                                                                             1.57s  

   PASS  Tests\Feature\OnboardingV2\OnboardingEngineTest
  ✓ start for client initialises progress with pending steps                                                     1.62s  
  ✓ start for is idempotent                                                                                      1.61s  
  ✓ start for uses provider journey for provider role                                                            1.58s  
  ✓ get current step returns first step with satisfied dependencies                                              1.57s  
  ✓ mark complete succeeds when validator passes                                                                 1.57s  
  ✓ mark complete fails validator returns validation error                                                       1.56s  
  ✓ mark skip only works on skippable steps                                                                      1.57s  
  ✓ journey marked completed when all required steps done                                                        1.70s  
  ✓ step with unmet dependency is not current                                                                    1.65s  
  ✓ failed completion increments attempt count                                                                   1.57s  

   PASS  Tests\Feature\Payments\StripeReconciliationServiceTest
  ✓ run creates record even without stripe credentials                                                           1.60s  
  ✓ run records period correctly                                                                                 1.54s  

   PASS  Tests\Feature\Payments\StripeWebhookControllerTest
  ✓ invalid signature returns 400                                                                                1.70s  
  ✓ missing secret returns 500                                                                                   1.67s  
  ✓ valid event is stored and dispatched                                                                         8.39s  
  ✓ replayed event is not redispatched                                                                           1.59s  

   PASS  Tests\Feature\Payments\StripeWebhookIdempotenceTest
  ✓ storing same event id twice creates only one row                                                             1.66s  
  ✓ dead letter after max attempts                                                                               1.58s  
  ✓ due for retry scope finds retryable                                                                          1.56s  
  ✓ processor marks event as processed when handled                                                              1.85s  
  ✓ processor is noop on terminal event                                                                          1.66s  

   PASS  Tests\Feature\Phase14\Phase14Test
  ✓ approve onboarding requires identity and insurance                                                           1.84s  

   PASS  Tests\Feature\PricingV2\PricingApiTest
  ✓ services endpoint returns active services                                                                    2.01s  
  ✓ services endpoint filters by trade                                                                           1.56s  
  ✓ preview endpoint returns computed price                                                                      1.63s  
  ✓ quote endpoint persists in ledger                                                                            1.57s  
  ✓ quote endpoint validates required service code                                                               1.59s  
  ✓ quote endpoint returns 422 for unknown service                                                               1.56s  
  ✓ quote endpoint attaches user when authenticated                                                              1.57s  
  ✓ admin quotes endpoint returns ledger                                                                         1.59s  

   PASS  Tests\Feature\PricingV2\PricingDslTest
  ✓ empty conditions match                                                                                       0.06s  
  ✓ eq leaf matches                                                                                              0.05s  
  ✓ gte operator                                                                                                 0.05s  
  ✓ in operator                                                                                                  0.05s  
  ✓ between operator                                                                                             0.05s  
  ✓ is true operator                                                                                             0.05s  
  ✓ and combinator                                                                                               0.05s  
  ✓ or combinator                                                                                                0.05s  
  ✓ not combinator                                                                                               0.05s  
  ✓ invalid field fails closed                                                                                   0.05s  
  ✓ invalid operator fails closed                                                                                0.06s  

   PASS  Tests\Feature\PricingV2\PricingEngineTest
  ✓ quote base price with no rules matching                                                                      1.57s  
  ✓ quote applies per unit surface rule                                                                          1.57s  
  ✓ quote applies urgency percent                                                                                1.55s  
  ✓ quote applies recurrent discount                                                                             1.56s  
  ✓ quote stacks multiple rules in priority order                                                                1.56s  
  ✓ quote clamps to max                                                                                          1.56s  
  ✓ quote clamps to min                                                                                          1.55s  
  ✓ quote is idempotent with same key                                                                            1.56s  
  ✓ quote rejects unknown service                                                                                1.55s  
  ✓ preview returns without persisting                                                                           1.56s  
  ✓ sanitize drops unknown variables                                                                             1.75s  
  ✓ ab experiment assigns deterministic variant                                                                  1.57s  

   PASS  Tests\Feature\Promotion\PromoCodeApiTest
  ✓ validate endpoint returns discount for valid code                                                            1.72s  
  ✓ validate endpoint returns 422 for invalid code                                                               1.56s  
  ✓ referrals me returns user stats                                                                              1.70s  

   PASS  Tests\Feature\Promotion\PromoCodeApplicationTest
  ✓ apply creates redemption and increments total uses                                                           1.58s  
  ✓ apply updates campaign totals                                                                                1.58s  
  ✓ revert decrements usage counters                                                                             1.57s  

   PASS  Tests\Feature\Promotion\PromoCodeValidationTest
  ✓ invalid code returns not found                                                                               1.57s  
  ✓ active percent code returns correct discount                                                                 1.56s  
  ✓ fixed amount code caps at booking amount                                                                     1.57s  
  ✓ max discount amount caps percent discount                                                                    1.57s  
  ✓ expired code is rejected                                                                                     1.62s  
  ✓ min booking amount enforced                                                                                  1.59s  
  ✓ per user usage limit enforced                                                                                1.58s  
  ✓ global usage limit enforced                                                                                  1.56s  
  ✓ first booking only blocks returning customer                                                                 1.58s  
  ✓ first booking only allows new customer                                                                       1.58s  
  ✓ paused code is rejected                                                                                      1.64s  

   PASS  Tests\Feature\Promotion\ReferralFlowTest
  ✓ ensure referral code generates unique code                                                                   1.65s  
  ✓ register referral creates pending referral                                                                   1.59s  
  ✓ self referral is rejected                                                                                    1.54s  
  ✓ qualifying booking grants rewards to both                                                                    1.78s  
  ✓ non completed booking does not qualify                                                                       1.58s  
  ✓ stats returns aggregated counts                                                                              1.64s  

   PASS  Tests\Feature\Push\DeviceTokenServiceTest
  ✓ register creates new device token                                                                            1.58s  
  ✓ register refreshes existing token for same hash                                                              1.58s  
  ✓ register reuses token invalidated by another user                                                            1.59s  
  ✓ register rejects invalid platform                                                                            1.56s  
  ✓ register rejects empty token                                                                                 1.57s  
  ✓ unregister invalidates user owned token                                                                      1.59s  
  ✓ unregister does not touch other users token                                                                  1.58s  
  ✓ update preferences merges with existing                                                                      1.59s  

   PASS  Tests\Feature\Push\PushApiTest
  ✓ register requires authentication                                                                             1.58s  
  ✓ register validates required fields                                                                           1.58s  
  ✓ register validates platform enum                                                                             1.57s  
  ✓ register creates device token and returns id                                                                 1.57s  
  ✓ unregister invalidates token                                                                                 1.66s  
  ✓ unregister returns 404 for unknown token                                                                     1.64s  
  ✓ index returns only active tokens of current user                                                             1.58s  
  ✓ update preferences persists opt out                                                                          1.56s  
  ✓ update preferences returns 403 when token belongs to other user                                              1.58s  

   PASS  Tests\Feature\Push\PushChannelTest
  ✓ channel sends via push service using to push payload                                                         1.66s  
  ✓ channel returns empty when notifiable is not user                                                            1.64s  
  ✓ channel returns empty when no to push method                                                                 1.84s  

   PASS  Tests\Feature\Push\PushServiceTest
  ✓ dispatch creates push notification record                                                                    1.97s  
  ✓ dispatch is idempotent with same key                                                                         1.79s  
  ✓ dispatch marks opted out when user disabled category                                                         1.95s  
  ✓ dispatch invalidates token when provider signals invalid                                                     2.02s  
  ✓ dispatch marks failed when provider returns fail                                                             1.86s  
  ✓ dispatch skipped when push disabled                                                                          1.75s  
  ✓ dispatch skipped for inactive token                                                                          1.75s  
  ✓ rate limit per token creates rate limited record                                                             1.60s  
  ✓ dispatch to user sends to all active tokens                                                                  1.68s  

   PASS  Tests\Feature\Quality\QualityInspectionServiceTest
  ✓ start creates inspection in progress                                                                         2.03s  
  ✓ start is idempotent with same mission phase                                                                  1.72s  
  ✓ start rejects invalid phase                                                                                  1.67s  
  ✓ submit item creates response                                                                                 1.61s  
  ✓ submit item updates existing response                                                                        1.57s  
  ✓ submit finalizes inspection with score                                                                       1.61s  
  ✓ submit rejects different provider                                                                            1.57s  
  ✓ validate by client requires signature by default                                                             1.56s  
  ✓ validate by client persists signature                                                                        1.58s  
  ✓ dispute requires min reason length                                                                           1.59s  
  ✓ dispute changes status                                                                                       1.56s  
  ✓ admin validate resolves dispute                                                                              1.57s  

   PASS  Tests\Feature\Quality\QualityScoringEngineTest
  ✓ boolean item awards full weight when true                                                                    1.55s  
  ✓ boolean item awards zero when false                                                                          1.55s  
  ✓ rating item scales by max                                                                                    1.56s  
  ✓ photo item awards when photos count positive                                                                 1.57s  
  ✓ grade excellent pass fail                                                                                    1.54s  
  ✓ select item awards only for accepted values                                                                  1.59s  

   PASS  Tests\Feature\Realtime\MissionLiveTrackingApiTest
  ✓ push position requires authentication                                                                        1.61s  
  ✓ push position returns 403 for unrelated provider                                                             1.71s  
  ✓ push position succeeds for assigned provider                                                                 1.63s  
  ✓ push position validates lat lng ranges                                                                       1.59s  
  ✓ push eta succeeds for assigned provider                                                                      1.58s  
  ✓ push eta with same sequence is idempotent                                                                    1.59s  

   PASS  Tests\Feature\Realtime\RealtimeBroadcastServiceTest
  ✓ publish records tracked event in ledger                                                                      1.59s  
  ✓ publish is idempotent with same sequence                                                                     1.57s  
  ✓ publish without sequence creates distinct rows                                                               1.58s  
  ✓ publish position records with position category                                                              1.57s  
  ✓ publish user notification uses per user audience                                                             1.57s  
  ✓ publish untracked event returns null no ledger                                                               1.54s  
  ✓ replay marks event sent again                                                                                1.59s  
  ✓ replay works on archived payload without reconstructing event                                                1.56s  

   PASS  Tests\Feature\Regression\PostFixesRegressionTest
  ✓ stripe connect webhook route is registered                                                                   1.56s  
  ✓ stripe connect webhook is excluded from csrf                                                                 1.64s  

   PASS  Tests\Feature\Risk\RiskApiTest
  ✓ evaluations endpoint requires auth                                                                           1.59s  
  ✓ evaluations endpoint returns list for admin                                                                  1.57s  
  ✓ holds endpoint returns only active by default                                                                1.56s  
  ✓ review hold approved                                                                                         1.72s  
  ✓ review hold rejected                                                                                         1.76s  
  ✓ review hold validates decision enum                                                                          1.58s  

   PASS  Tests\Feature\Risk\RiskRulesTest
  ✓ payment decline rule hits above threshold                                                                    1.56s  
  ✓ payment decline rule no hit below threshold                                                                  1.55s  
  ✓ account age rule scores younger higher                                                                       1.57s  
  ✓ account age rule returns null for old account                                                                1.56s  
  ✓ geo mismatch rule hits when countries differ                                                                 1.55s  
  ✓ geo mismatch rule no hit when countries match                                                                1.54s  
  ✓ ip reputation rule hits on cidr match                                                                        1.56s  
  ✓ ip reputation rule no hit outside cidr                                                                       1.59s  
  ✓ ip reputation rule with no cidrs does not hit                                                                1.56s  

   PASS  Tests\Feature\Risk\RiskScoringEngineTest
  ✓ evaluate with no hits returns allow                                                                          1.56s  
  ✓ evaluate with payment decline burst triggers review or block                                                 1.62s  
  ✓ evaluate with very new account adds age score                                                                1.61s  
  ✓ evaluate bypass role admin always allows                                                                     1.56s  
  ✓ evaluate is idempotent with same key                                                                         1.56s  
  ✓ evaluate skipped when engine disabled                                                                        1.57s  
  ✓ review hold approved changes status and records reviewer                                                     1.57s  
  ✓ review hold rejected blocks user                                                                             1.58s  
  ✓ cleanup expired holds marks them expired                                                                     1.78s  

   PASS  Tests\Feature\Search\AddressAutocompleteTest
  ✓ numeric query searches by code                                                                               1.59s  
  ✓ text query searches by city                                                                                  1.58s  
  ✓ short query returns empty                                                                                    1.56s  
  ✓ inactive postal codes excluded                                                                               1.57s  
  ✓ results include lat lng when present                                                                         1.57s  

   PASS  Tests\Feature\Search\ProviderSearchServiceTest
  ✓ only active verified providers are returned                                                                  1.71s  
  ✓ min rating filter excludes lower ratings                                                                     1.67s  
  ✓ price range filter                                                                                           1.62s  
  ✓ sort by rating orders descending                                                                             1.58s  
  ✓ sort by price asc                                                                                            1.59s  
  ✓ trade filter only includes provider with trade                                                               1.62s  
  ✓ postal filter includes only providers in matching zone                                                       1.69s  
  ✓ unknown postal returns empty                                                                                 1.59s  

   PASS  Tests\Feature\Search\SearchApiTest
  ✓ providers search returns paginated payload                                                                   1.65s  
  ✓ providers search min rating filter via api                                                                   1.67s  
  ✓ services search returns active only                                                                          1.68s  
  ✓ postal autocomplete returns matches                                                                          1.68s  
  ✓ postal autocomplete validates min length                                                                     1.70s  

   PASS  Tests\Feature\Sms\PhoneVerificationServiceTest
  ✓ send code creates otp record and dispatches sms                                                              1.69s  
  ✓ send code throws on invalid phone                                                                            1.72s  
  ✓ send code enforces cooldown                                                                                  1.68s  
  ✓ verify with correct code marks user phone verified                                                           1.71s  
  ✓ verify with wrong code throws validation                                                                     1.66s  
  ✓ verify without active code throws validation                                                                 1.59s  
  ✓ verify blocks after max attempts reached                                                                     1.59s  
  ✓ expired code is not found as active                                                                          1.58s  

   PASS  Tests\Feature\Sms\SmsApiTest
  ✓ phone verify request requires authentication                                                                 1.63s  
  ✓ phone verify request validates phone field                                                                   1.69s  
  ✓ phone verify request rejects invalid e164                                                                    1.78s  
  ✓ phone verify request creates otp code                                                                        1.69s  
  ✓ phone verify confirm with correct code marks verified                                                        1.71s  
  ✓ phone verify confirm returns 422 for wrong code                                                              1.76s  
  ✓ phone verify confirm does not leak other users code                                                          1.65s  

   PASS  Tests\Feature\Sms\SmsServiceTest
  ✓ dispatch creates sms message with mock provider                                                              1.57s  
  ✓ dispatch rejects invalid e164 phone                                                                          1.57s  
  ✓ dispatch normalizes phone with double zero prefix                                                            1.78s  
  ✓ dispatch is idempotent with same key                                                                         1.67s  
  ✓ mock provider returns failed when phone contains fail keyword                                                1.58s  
  ✓ rate limit per phone per hour creates rate limited record                                                    1.66s  
  ✓ apply status update marks message delivered                                                                  1.63s  
  ✓ apply status update returns null for unknown external id                                                     1.57s  
  ✓ legacy send returns null when sms disabled                                                                   1.68s  
  ✓ legacy send returns null for empty phone                                                                     1.58s  

   PASS  Tests\Feature\Sms\SmsWebhookTest
  ✓ unknown provider returns 404                                                                                 1.57s  
  ✓ mock webhook stores event and dispatches job                                                                 1.65s  
  ✓ duplicate webhook event id is not redispatched                                                               1.63s  
  ✓ processing webhook applies status to matching message                                                        1.59s  
  ✓ processing webhook with unknown message marks ignored                                                        1.57s  

   PASS  Tests\Feature\StripeWebhookSyncTest
  ✓ user plan can be synced to premium from stripe customer                                                      1.69s  
  ✓ user plan can be synced to standard when subscription cancelled                                              1.56s  

   FAIL  Tests\Feature\SupportQualityAdvancedTest
  ⨯ client complaint stores attachments and sla                                                                  2.32s  
  ✓ employee incident stores attachments and sla                                                                 1.68s  
  ────────────────────────────────────────────────────────────────────────────────────────────────────────────────────  
   FAILED  Tests\Feature\SupportQualityAdvancedTest > client complaint stores attachments and sla       ViewException   
  Undefined variable $selected (View: C:\Users\mmdar\Desktop\code\work\CleanUx\resources\views\livewire\client\litiges-client.blade.php) (View: C:\Users\mmdar\Desktop\code\work\CleanUx\resources\views\livewire\client\litiges-client.blade.php)

  at storage\framework\views\822df451d636105acc752e022ddd1b0b.php:140
    136▕                     </div>
    137▕                     <div class="p-3"><?php echo e($claims->links()); ?></div>
    138▕                 </div>
    139▕ 
  ➜ 140▕                 <?php if(\Livewire\Mechanisms\ExtendBlade\ExtendBlade::isRenderingLivewireComponent()): ?><!--[if BLOCK]><![endif]--><?php endif; ?><?php if($selected): ?>
    141▕                     <div class="rounded-2xl border bg-white shadow-sm">
    142▕                         <div class="p-4 border-b">
    143▕                             <p class="font-mono text-xs text-slate-500"><?php echo e($selected->reference); ?></p>
    144▕                             <h2 class="text-xl font-black text-slate-900 mt-1"><?php echo e($selected->subject); ?></h2>

  1   storage\framework\views\822df451d636105acc752e022ddd1b0b.php:140
  2   vendor\livewire\livewire\src\Mechanisms\ExtendBlade\ExtendedCompilerEngine.php:58


  Tests:    1 failed, 575 passed (1553 assertions)
  Duration: 981.37s

